000 (52648233.000.000) 09/27 14:08:57 Job submitted from host: <128.104.101.92:9618?addrs=128.104.101.92-9618+[2607-f388-107c-501-a036-9fff-fe3c-caa8]-9618&noUDP&sock=2446275_8498_9>
...
001 (52648233.000.000) 09/27 14:10:29 Job executing on host: <128.104.101.10:9618?addrs=128.104.101.10-9618+[2607-f388-107c-501-a6ba-dbff-fe38-fc8f]-9618&noUDP&sock=4742_e77e_3>
...
006 (52648233.000.000) 09/27 14:27:06 Image size of job updated: 1596
	2  -  MemoryUsage of job (MB)
	1592  -  ResidentSetSize of job (KB)
...
005 (52648233.000.000) 09/27 14:27:06 Job terminated.
	(0) Abnormal termination (signal 15)
	(0) No core file
		Usr 0 00:00:00, Sys 0 00:00:00  -  Run Remote Usage
		Usr 0 00:00:00, Sys 0 00:00:00  -  Run Local Usage
		Usr 0 00:00:00, Sys 0 00:00:00  -  Total Remote Usage
		Usr 0 00:00:00, Sys 0 00:00:00  -  Total Local Usage
	391  -  Run Bytes Sent By Job
	123280264  -  Run Bytes Received By Job
	391  -  Total Bytes Sent By Job
	123280264  -  Total Bytes Received By Job
	Partitionable Resources :    Usage  Request Allocated
	   Cpus                 :                 1         1
	   Disk (KB)            :   578473  1048576   7764903
	   Ioheavy              :                           1
	   Memory (MB)          :        2     2048      2048
...
000 (52648255.000.000) 09/27 14:30:21 Job submitted from host: <128.104.101.92:9618?addrs=128.104.101.92-9618+[2607-f388-107c-501-a036-9fff-fe3c-caa8]-9618&noUDP&sock=2446275_8498_9>
...
001 (52648255.000.000) 09/27 14:31:33 Job executing on host: <128.104.101.10:9618?addrs=128.104.101.10-9618+[2607-f388-107c-501-a6ba-dbff-fe38-fc8f]-9618&noUDP&sock=4742_e77e_3>
...
006 (52648255.000.000) 09/27 14:37:35 Image size of job updated: 1588
	2  -  MemoryUsage of job (MB)
	1584  -  ResidentSetSize of job (KB)
...
005 (52648255.000.000) 09/27 14:37:36 Job terminated.
	(0) Abnormal termination (signal 15)
	(0) No core file
		Usr 0 00:00:00, Sys 0 00:00:00  -  Run Remote Usage
		Usr 0 00:00:00, Sys 0 00:00:00  -  Run Local Usage
		Usr 0 00:00:00, Sys 0 00:00:00  -  Total Remote Usage
		Usr 0 00:00:00, Sys 0 00:00:00  -  Total Local Usage
	123280168  -  Run Bytes Sent By Job
	123280392  -  Run Bytes Received By Job
	123280168  -  Total Bytes Sent By Job
	123280392  -  Total Bytes Received By Job
	Partitionable Resources :    Usage  Request Allocated
	   Cpus                 :                 1         1
	   Disk (KB)            :   578485  1048576   7764902
	   Ioheavy              :                           1
	   Memory (MB)          :        2     2048      2048
...
